# JRE version: Java(TM) SE Runtime Environment (11.0.2+9) (build 11.0.2+9-LTS)
# Java VM: Java HotSpot(TM) 64-Bit Server VM (11.0.2+9-LTS, mixed mode, tiered, compressed oops, g1 gc, windows-amd64)
Heap:
 garbage-first heap   total 10240K, used 3050K [0x0000000081200000, 0x0000000100000000)
  region size 1024K, 1 young (1024K), 0 survivors (0K)
 Metaspace       used 12986K, capacity 13162K, committed 13440K, reserved 1060864K
  class space    used 960K, capacity 1031K, committed 1152K, reserved 1048576K
GC Heap History (6 events):
Event: 0.990 GC heap before
{Heap before GC invocations=0 (full 0):
 garbage-first heap   total 131072K, used 23552K [0x0000000081200000, 0x0000000100000000)
  region size 1024K, 24 young (24576K), 0 survivors (0K)
 Metaspace       used 12348K, capacity 12494K, committed 12800K, reserved 1060864K
  class space    used 906K, capacity 961K, committed 1024K, reserved 1048576K
}
Event: 0.994 GC heap after
{Heap after GC invocations=1 (full 0):
 garbage-first heap   total 131072K, used 2704K [0x0000000081200000, 0x0000000100000000)
  region size 1024K, 3 young (3072K), 3 survivors (3072K)
 Metaspace       used 12348K, capacity 12494K, committed 12800K, reserved 1060864K
  class space    used 906K, capacity 961K, committed 1024K, reserved 1048576K
}
Event: 2.833 GC heap before
{Heap before GC invocations=1 (full 0):
 garbage-first heap   total 131072K, used 4752K [0x0000000081200000, 0x0000000100000000)
  region size 1024K, 6 young (6144K), 3 survivors (3072K)
 Metaspace       used 12984K, capacity 13162K, committed 13440K, reserved 1060864K
  class space    used 960K, capacity 1031K, committed 1152K, reserved 1048576K
}
Event: 2.842 GC heap after
{Heap after GC invocations=2 (full 1):
 garbage-first heap   total 14336K, used 3051K [0x0000000081200000, 0x0000000100000000)
  region size 1024K, 0 young (0K), 0 survivors (0K)
 Metaspace       used 12984K, capacity 13162K, committed 13440K, reserved 1060864K
  class space    used 960K, capacity 1031K, committed 1152K, reserved 1048576K
}
Event: 2.848 GC heap before
{Heap before GC invocations=2 (full 1):
 garbage-first heap   total 14336K, used 3051K [0x0000000081200000, 0x0000000100000000)
  region size 1024K, 1 young (1024K), 0 survivors (0K)
 Metaspace       used 12984K, capacity 13162K, committed 13440K, reserved 1060864K
  class space    used 960K, capacity 1031K, committed 1152K, reserved 1048576K
}
Event: 2.860 GC heap after
{Heap after GC invocations=3 (full 2):
 garbage-first heap   total 10240K, used 3050K [0x0000000081200000, 0x0000000100000000)
  region size 1024K, 0 young (0K), 0 survivors (0K)
 Metaspace       used 12984K, capacity 13162K, committed 13440K, reserved 1060864K
  class space    used 960K, capacity 1031K, committed 1152K, reserved 1048576K
}

