# JRE version: Java(TM) SE Runtime Environment (11.0.2+9) (build 11.0.2+9-LTS)
# Java VM: Java HotSpot(TM) 64-Bit Server VM (11.0.2+9-LTS, mixed mode, tiered, compressed oops, g1 gc, windows-amd64)
Heap:
 garbage-first heap   total 10240K, used 3054K [0x0000000081200000, 0x0000000100000000)
  region size 1024K, 1 young (1024K), 0 survivors (0K)
 Metaspace       used 12960K, capacity 13156K, committed 13440K, reserved 1060864K
  class space    used 960K, capacity 1031K, committed 1152K, reserved 1048576K
GC Heap History (6 events):
Event: 1.033 GC heap before
{Heap before GC invocations=0 (full 0):
 garbage-first heap   total 131072K, used 23552K [0x0000000081200000, 0x0000000100000000)
  region size 1024K, 24 young (24576K), 0 survivors (0K)
 Metaspace       used 12851K, capacity 13025K, committed 13184K, reserved 1060864K
  class space    used 956K, capacity 1030K, committed 1152K, reserved 1048576K
}
Event: 1.039 GC heap after
{Heap after GC invocations=1 (full 0):
 garbage-first heap   total 131072K, used 3070K [0x0000000081200000, 0x0000000100000000)
  region size 1024K, 3 young (3072K), 3 survivors (3072K)
 Metaspace       used 12851K, capacity 13025K, committed 13184K, reserved 1060864K
  class space    used 956K, capacity 1030K, committed 1152K, reserved 1048576K
}
Event: 2.001 GC heap before
{Heap before GC invocations=1 (full 0):
 garbage-first heap   total 131072K, used 4094K [0x0000000081200000, 0x0000000100000000)
  region size 1024K, 5 young (5120K), 3 survivors (3072K)
 Metaspace       used 12958K, capacity 13156K, committed 13440K, reserved 1060864K
  class space    used 960K, capacity 1031K, committed 1152K, reserved 1048576K
}
Event: 2.009 GC heap after
{Heap after GC invocations=2 (full 1):
 garbage-first heap   total 14336K, used 3055K [0x0000000081200000, 0x0000000100000000)
  region size 1024K, 0 young (0K), 0 survivors (0K)
 Metaspace       used 12958K, capacity 13156K, committed 13440K, reserved 1060864K
  class space    used 960K, capacity 1031K, committed 1152K, reserved 1048576K
}
Event: 2.017 GC heap before
{Heap before GC invocations=2 (full 1):
 garbage-first heap   total 14336K, used 3055K [0x0000000081200000, 0x0000000100000000)
  region size 1024K, 1 young (1024K), 0 survivors (0K)
 Metaspace       used 12959K, capacity 13156K, committed 13440K, reserved 1060864K
  class space    used 960K, capacity 1031K, committed 1152K, reserved 1048576K
}
Event: 2.030 GC heap after
{Heap after GC invocations=3 (full 2):
 garbage-first heap   total 10240K, used 3054K [0x0000000081200000, 0x0000000100000000)
  region size 1024K, 0 young (0K), 0 survivors (0K)
 Metaspace       used 12959K, capacity 13156K, committed 13440K, reserved 1060864K
  class space    used 960K, capacity 1031K, committed 1152K, reserved 1048576K
}

