# JRE version: Java(TM) SE Runtime Environment (11.0.2+9) (build 11.0.2+9-LTS)
# Java VM: Java HotSpot(TM) 64-Bit Server VM (11.0.2+9-LTS, mixed mode, tiered, compressed oops, g1 gc, windows-amd64)
Heap:
 garbage-first heap   total 10240K, used 3050K [0x0000000081200000, 0x0000000100000000)
  region size 1024K, 1 young (1024K), 0 survivors (0K)
 Metaspace       used 12957K, capacity 13156K, committed 13440K, reserved 1060864K
  class space    used 960K, capacity 1031K, committed 1152K, reserved 1048576K
GC Heap History (8 events):
Event: 0.992 GC heap before
{Heap before GC invocations=0 (full 0):
 garbage-first heap   total 131072K, used 23552K [0x0000000081200000, 0x0000000100000000)
  region size 1024K, 24 young (24576K), 0 survivors (0K)
 Metaspace       used 12221K, capacity 12366K, committed 12544K, reserved 1060864K
  class space    used 898K, capacity 961K, committed 1024K, reserved 1048576K
}
Event: 0.996 GC heap after
{Heap after GC invocations=1 (full 0):
 garbage-first heap   total 131072K, used 2660K [0x0000000081200000, 0x0000000100000000)
  region size 1024K, 3 young (3072K), 3 survivors (3072K)
 Metaspace       used 12221K, capacity 12366K, committed 12544K, reserved 1060864K
  class space    used 898K, capacity 961K, committed 1024K, reserved 1048576K
}
Event: 1.928 GC heap before
{Heap before GC invocations=1 (full 0):
 garbage-first heap   total 131072K, used 4708K [0x0000000081200000, 0x0000000100000000)
  region size 1024K, 6 young (6144K), 3 survivors (3072K)
 Metaspace       used 12956K, capacity 13156K, committed 13440K, reserved 1060864K
  class space    used 960K, capacity 1031K, committed 1152K, reserved 1048576K
}
Event: 1.937 GC heap after
{Heap after GC invocations=2 (full 1):
 garbage-first heap   total 14336K, used 3050K [0x0000000081200000, 0x0000000100000000)
  region size 1024K, 0 young (0K), 0 survivors (0K)
 Metaspace       used 12956K, capacity 13156K, committed 13440K, reserved 1060864K
  class space    used 960K, capacity 1031K, committed 1152K, reserved 1048576K
}
Event: 1.943 GC heap before
{Heap before GC invocations=2 (full 1):
 garbage-first heap   total 14336K, used 3050K [0x0000000081200000, 0x0000000100000000)
  region size 1024K, 1 young (1024K), 0 survivors (0K)
 Metaspace       used 12956K, capacity 13156K, committed 13440K, reserved 1060864K
  class space    used 960K, capacity 1031K, committed 1152K, reserved 1048576K
}
Event: 1.955 GC heap after
{Heap after GC invocations=3 (full 2):
 garbage-first heap   total 10240K, used 3049K [0x0000000081200000, 0x0000000100000000)
  region size 1024K, 0 young (0K), 0 survivors (0K)
 Metaspace       used 12956K, capacity 13156K, committed 13440K, reserved 1060864K
  class space    used 960K, capacity 1031K, committed 1152K, reserved 1048576K
}
Event: 1.956 GC heap before
{Heap before GC invocations=3 (full 2):
 garbage-first heap   total 10240K, used 3049K [0x0000000081200000, 0x0000000100000000)
  region size 1024K, 1 young (1024K), 0 survivors (0K)
 Metaspace       used 12956K, capacity 13156K, committed 13440K, reserved 1060864K
  class space    used 960K, capacity 1031K, committed 1152K, reserved 1048576K
}
Event: 1.966 GC heap after
{Heap after GC invocations=4 (full 3):
 garbage-first heap   total 10240K, used 3050K [0x0000000081200000, 0x0000000100000000)
  region size 1024K, 0 young (0K), 0 survivors (0K)
 Metaspace       used 12956K, capacity 13156K, committed 13440K, reserved 1060864K
  class space    used 960K, capacity 1031K, committed 1152K, reserved 1048576K
}

