# JRE version: Java(TM) SE Runtime Environment (11.0.2+9) (build 11.0.2+9-LTS)
# Java VM: Java HotSpot(TM) 64-Bit Server VM (11.0.2+9-LTS, mixed mode, tiered, compressed oops, g1 gc, windows-amd64)
Heap:
 garbage-first heap   total 10240K, used 3050K [0x0000000081200000, 0x0000000100000000)
  region size 1024K, 1 young (1024K), 0 survivors (0K)
 Metaspace       used 12933K, capacity 13092K, committed 13440K, reserved 1060864K
  class space    used 961K, capacity 1031K, committed 1152K, reserved 1048576K
GC Heap History (8 events):
Event: 1.029 GC heap before
{Heap before GC invocations=0 (full 0):
 garbage-first heap   total 131072K, used 23552K [0x0000000081200000, 0x0000000100000000)
  region size 1024K, 24 young (24576K), 0 survivors (0K)
 Metaspace       used 12777K, capacity 12949K, committed 13184K, reserved 1060864K
  class space    used 948K, capacity 1026K, committed 1152K, reserved 1048576K
}
Event: 1.033 GC heap after
{Heap after GC invocations=1 (full 0):
 garbage-first heap   total 131072K, used 3051K [0x0000000081200000, 0x0000000100000000)
  region size 1024K, 3 young (3072K), 3 survivors (3072K)
 Metaspace       used 12777K, capacity 12949K, committed 13184K, reserved 1060864K
  class space    used 948K, capacity 1026K, committed 1152K, reserved 1048576K
}
Event: 2.061 GC heap before
{Heap before GC invocations=1 (full 0):
 garbage-first heap   total 131072K, used 4075K [0x0000000081200000, 0x0000000100000000)
  region size 1024K, 5 young (5120K), 3 survivors (3072K)
 Metaspace       used 12931K, capacity 13092K, committed 13440K, reserved 1060864K
  class space    used 960K, capacity 1031K, committed 1152K, reserved 1048576K
}
Event: 2.071 GC heap after
{Heap after GC invocations=2 (full 1):
 garbage-first heap   total 14336K, used 3050K [0x0000000081200000, 0x0000000100000000)
  region size 1024K, 0 young (0K), 0 survivors (0K)
 Metaspace       used 12931K, capacity 13092K, committed 13440K, reserved 1060864K
  class space    used 960K, capacity 1031K, committed 1152K, reserved 1048576K
}
Event: 2.076 GC heap before
{Heap before GC invocations=2 (full 1):
 garbage-first heap   total 14336K, used 3050K [0x0000000081200000, 0x0000000100000000)
  region size 1024K, 1 young (1024K), 0 survivors (0K)
 Metaspace       used 12932K, capacity 13092K, committed 13440K, reserved 1060864K
  class space    used 960K, capacity 1031K, committed 1152K, reserved 1048576K
}
Event: 2.088 GC heap after
{Heap after GC invocations=3 (full 2):
 garbage-first heap   total 10240K, used 3050K [0x0000000081200000, 0x0000000100000000)
  region size 1024K, 0 young (0K), 0 survivors (0K)
 Metaspace       used 12932K, capacity 13092K, committed 13440K, reserved 1060864K
  class space    used 960K, capacity 1031K, committed 1152K, reserved 1048576K
}
Event: 2.089 GC heap before
{Heap before GC invocations=3 (full 2):
 garbage-first heap   total 10240K, used 3050K [0x0000000081200000, 0x0000000100000000)
  region size 1024K, 0 young (0K), 0 survivors (0K)
 Metaspace       used 12932K, capacity 13092K, committed 13440K, reserved 1060864K
  class space    used 960K, capacity 1031K, committed 1152K, reserved 1048576K
}
Event: 2.099 GC heap after
{Heap after GC invocations=4 (full 3):
 garbage-first heap   total 10240K, used 3050K [0x0000000081200000, 0x0000000100000000)
  region size 1024K, 0 young (0K), 0 survivors (0K)
 Metaspace       used 12932K, capacity 13092K, committed 13440K, reserved 1060864K
  class space    used 960K, capacity 1031K, committed 1152K, reserved 1048576K
}

